app/build/intermediates/manifest_merge_blame_file/debug/processDebugMainManifest/manifest-merger-blame-debug-report.txt
1<?xml version="1.0" encoding="utf-8"?>
2<manifest xmlns:android="http://schemas.android.com/apk/res/android"
3    package="com.fortress.hypervisor"
4    android:versionCode="1"
5    android:versionName="1.0" >
6
7    <uses-sdk
8        android:minSdkVersion="26"
9        android:targetSdkVersion="34" />
10
11    <!-- Internet access for network monitoring and updates -->
12    <uses-permission android:name="android.permission.INTERNET" />
12-->src\main\AndroidManifest.xml:7:5-67
12-->src\main\AndroidManifest.xml:7:22-64
13    <uses-permission android:name="android.permission.ACCESS_NETWORK_STATE" />
13-->src\main\AndroidManifest.xml:8:5-79
13-->src\main\AndroidManifest.xml:8:22-76
14    <uses-permission android:name="android.permission.ACCESS_WIFI_STATE" />
14-->src\main\AndroidManifest.xml:9:5-76
14-->src\main\AndroidManifest.xml:9:22-73
15
16    <!-- CRITICAL: Foreground Service Permissions for Android 14+ (API 34+) -->
17    <uses-permission android:name="android.permission.FOREGROUND_SERVICE" />
17-->src\main\AndroidManifest.xml:12:5-77
17-->src\main\AndroidManifest.xml:12:22-74
18    <uses-permission android:name="android.permission.FOREGROUND_SERVICE_SPECIAL_USE" />
18-->src\main\AndroidManifest.xml:13:5-89
18-->src\main\AndroidManifest.xml:13:22-86
19
20    <!-- VPN service for network interception -->
21    <uses-permission android:name="android.permission.BIND_VPN_SERVICE" />
21-->src\main\AndroidManifest.xml:16:5-75
21-->src\main\AndroidManifest.xml:16:22-72
22
23    <!-- Device administration for security policies -->
24    <uses-permission android:name="android.permission.BIND_DEVICE_ADMIN" />
24-->src\main\AndroidManifest.xml:19:5-76
24-->src\main\AndroidManifest.xml:19:22-73
25
26    <!-- Accessibility service for user interaction monitoring -->
27    <uses-permission android:name="android.permission.BIND_ACCESSIBILITY_SERVICE" />
27-->src\main\AndroidManifest.xml:22:5-85
27-->src\main\AndroidManifest.xml:22:22-82
28
29    <!-- Notification listener for notification analysis -->
30    <uses-permission android:name="android.permission.BIND_NOTIFICATION_LISTENER_SERVICE" />
30-->src\main\AndroidManifest.xml:25:5-93
30-->src\main\AndroidManifest.xml:25:22-90
31
32    <!-- WiFi Security Analysis Permissions -->
33    <uses-permission android:name="android.permission.ACCESS_FINE_LOCATION" />
33-->src\main\AndroidManifest.xml:28:5-79
33-->src\main\AndroidManifest.xml:28:22-76
34    <uses-permission android:name="android.permission.ACCESS_COARSE_LOCATION" />
34-->src\main\AndroidManifest.xml:29:5-81
34-->src\main\AndroidManifest.xml:29:22-78
35    <uses-permission android:name="android.permission.CHANGE_WIFI_STATE" />
35-->src\main\AndroidManifest.xml:30:5-76
35-->src\main\AndroidManifest.xml:30:22-73
36    <uses-permission android:name="android.permission.NEARBY_WIFI_DEVICES" />
36-->src\main\AndroidManifest.xml:31:5-78
36-->src\main\AndroidManifest.xml:31:22-75
37    <uses-permission android:name="android.permission.ACCESS_LOCATION_EXTRA_COMMANDS" />
37-->src\main\AndroidManifest.xml:32:5-89
37-->src\main\AndroidManifest.xml:32:22-86
38
39    <!-- Existing permissions... -->
40
41
42    <!-- Hardware monitoring -->
43    <uses-permission android:name="android.permission.BODY_SENSORS" />
43-->src\main\AndroidManifest.xml:37:5-71
43-->src\main\AndroidManifest.xml:37:22-68
44    <uses-permission android:name="android.permission.HIGH_SAMPLING_RATE_SENSORS" />
44-->src\main\AndroidManifest.xml:38:5-85
44-->src\main\AndroidManifest.xml:38:22-82
45    <uses-permission android:name="android.permission.ACTIVITY_RECOGNITION" />
45-->src\main\AndroidManifest.xml:39:5-79
45-->src\main\AndroidManifest.xml:39:22-76
46
47    <!-- File system access for scanning -->
48    <uses-permission android:name="android.permission.READ_EXTERNAL_STORAGE" />
48-->src\main\AndroidManifest.xml:42:5-80
48-->src\main\AndroidManifest.xml:42:22-77
49    <uses-permission android:name="android.permission.WRITE_EXTERNAL_STORAGE" />
49-->src\main\AndroidManifest.xml:43:5-81
49-->src\main\AndroidManifest.xml:43:22-78
50    <uses-permission android:name="android.permission.MANAGE_EXTERNAL_STORAGE" />
50-->src\main\AndroidManifest.xml:44:5-82
50-->src\main\AndroidManifest.xml:44:22-79
51
52    <!-- System-level permissions -->
53    <uses-permission android:name="android.permission.PACKAGE_USAGE_STATS" />
53-->src\main\AndroidManifest.xml:47:5-78
53-->src\main\AndroidManifest.xml:47:22-75
54    <uses-permission android:name="android.permission.REQUEST_IGNORE_BATTERY_OPTIMIZATIONS" />
54-->src\main\AndroidManifest.xml:48:5-95
54-->src\main\AndroidManifest.xml:48:22-92
55    <uses-permission android:name="android.permission.WAKE_LOCK" />
55-->src\main\AndroidManifest.xml:49:5-68
55-->src\main\AndroidManifest.xml:49:22-65
56
57    <!-- Camera access for security monitoring -->
58    <uses-permission android:name="android.permission.CAMERA" />
58-->src\main\AndroidManifest.xml:52:5-65
58-->src\main\AndroidManifest.xml:52:22-62
59
60    <!-- Microphone access for anomaly detection -->
61    <uses-permission android:name="android.permission.RECORD_AUDIO" />
61-->src\main\AndroidManifest.xml:55:5-71
61-->src\main\AndroidManifest.xml:55:22-68
62
63    <!-- Phone state for call monitoring -->
64    <uses-permission android:name="android.permission.READ_PHONE_STATE" />
64-->src\main\AndroidManifest.xml:58:5-75
64-->src\main\AndroidManifest.xml:58:22-72
65    <uses-permission android:name="android.permission.PROCESS_OUTGOING_CALLS" />
65-->src\main\AndroidManifest.xml:59:5-81
65-->src\main\AndroidManifest.xml:59:22-78
66
67    <!-- SMS monitoring -->
68    <uses-permission android:name="android.permission.READ_SMS" />
68-->src\main\AndroidManifest.xml:62:5-67
68-->src\main\AndroidManifest.xml:62:22-64
69    <uses-permission android:name="android.permission.RECEIVE_SMS" />
69-->src\main\AndroidManifest.xml:63:5-70
69-->src\main\AndroidManifest.xml:63:22-67
70    <uses-permission android:name="android.permission.SEND_SMS" />
70-->src\main\AndroidManifest.xml:64:5-67
70-->src\main\AndroidManifest.xml:64:22-64
71
72    <!-- Contacts access for social engineering detection -->
73    <uses-permission android:name="android.permission.READ_CONTACTS" />
73-->src\main\AndroidManifest.xml:67:5-72
73-->src\main\AndroidManifest.xml:67:22-69
74
75    <!-- Calendar access for behavior analysis -->
76    <uses-permission android:name="android.permission.READ_CALENDAR" />
76-->src\main\AndroidManifest.xml:70:5-72
76-->src\main\AndroidManifest.xml:70:22-69
77
78    <!-- System alert window for emergency alerts -->
79    <uses-permission android:name="android.permission.SYSTEM_ALERT_WINDOW" />
79-->src\main\AndroidManifest.xml:73:5-78
79-->src\main\AndroidManifest.xml:73:22-75
80
81    <!-- Query all packages for comprehensive monitoring -->
82    <uses-permission android:name="android.permission.QUERY_ALL_PACKAGES" />
82-->src\main\AndroidManifest.xml:76:5-77
82-->src\main\AndroidManifest.xml:76:22-74
83
84    <!-- Boot completed for auto-start -->
85    <uses-permission android:name="android.permission.RECEIVE_BOOT_COMPLETED" />
85-->src\main\AndroidManifest.xml:79:5-81
85-->src\main\AndroidManifest.xml:79:22-78
86
87    <!-- Vibration for alerts -->
88    <uses-permission android:name="android.permission.VIBRATE" />
88-->src\main\AndroidManifest.xml:82:5-66
88-->src\main\AndroidManifest.xml:82:22-63
89
90    <!-- Biometric authentication -->
91    <uses-permission android:name="android.permission.USE_BIOMETRIC" />
91-->src\main\AndroidManifest.xml:85:5-72
91-->src\main\AndroidManifest.xml:85:22-69
92    <uses-permission android:name="android.permission.USE_FINGERPRINT" />
92-->src\main\AndroidManifest.xml:86:5-74
92-->src\main\AndroidManifest.xml:86:22-71
93
94    <!-- StrongBox/TEE access -->
95    <uses-permission android:name="android.permission.USE_STRONGBOX_KEYSTORE" />
95-->src\main\AndroidManifest.xml:89:5-81
95-->src\main\AndroidManifest.xml:89:22-78
96
97    <permission
97-->[androidx.core:core:1.10.1] AndroidManifest.xml:22:5-24:47
98        android:name="com.fortress.hypervisor.DYNAMIC_RECEIVER_NOT_EXPORTED_PERMISSION"
98-->[androidx.core:core:1.10.1] AndroidManifest.xml:23:9-81
99        android:protectionLevel="signature" />
99-->[androidx.core:core:1.10.1] AndroidManifest.xml:24:9-44
100
101    <uses-permission android:name="com.fortress.hypervisor.DYNAMIC_RECEIVER_NOT_EXPORTED_PERMISSION" />
101-->[androidx.core:core:1.10.1] AndroidManifest.xml:26:5-97
101-->[androidx.core:core:1.10.1] AndroidManifest.xml:26:22-94
102
103    <application
103-->src\main\AndroidManifest.xml:91:5-164:19
104        android:name="com.fortress.hypervisor.HypervisorApplication"
104-->src\main\AndroidManifest.xml:92:9-46
105        android:allowBackup="false"
105-->src\main\AndroidManifest.xml:93:9-36
106        android:appComponentFactory="androidx.core.app.CoreComponentFactory"
106-->[androidx.core:core:1.10.1] AndroidManifest.xml:28:18-86
107        android:dataExtractionRules="@xml/data_extraction_rules"
107-->src\main\AndroidManifest.xml:94:9-65
108        android:debuggable="true"
109        android:extractNativeLibs="false"
110        android:fullBackupContent="false"
110-->src\main\AndroidManifest.xml:95:9-42
111        android:hardwareAccelerated="true"
111-->src\main\AndroidManifest.xml:102:9-43
112        android:icon="@mipmap/ic_launcher"
112-->src\main\AndroidManifest.xml:96:9-43
113        android:label="@string/app_name"
113-->src\main\AndroidManifest.xml:97:9-41
114        android:largeHeap="true"
114-->src\main\AndroidManifest.xml:101:9-33
115        android:networkSecurityConfig="@xml/network_security_config"
115-->src\main\AndroidManifest.xml:100:9-69
116        android:theme="@style/Theme.FortressHypervisor"
116-->src\main\AndroidManifest.xml:98:9-56
117        android:usesCleartextTraffic="false" >
117-->src\main\AndroidManifest.xml:99:9-45
118
119        <!-- Main Activity -->
120        <activity
120-->src\main\AndroidManifest.xml:106:9-116:20
121            android:name="com.fortress.hypervisor.MainActivity"
121-->src\main\AndroidManifest.xml:107:13-41
122            android:exported="true"
122-->src\main\AndroidManifest.xml:108:13-36
123            android:launchMode="singleTop"
123-->src\main\AndroidManifest.xml:109:13-43
124            android:screenOrientation="portrait"
124-->src\main\AndroidManifest.xml:110:13-49
125            android:theme="@style/Theme.FortressHypervisor.NoActionBar" >
125-->src\main\AndroidManifest.xml:111:13-72
126            <intent-filter>
126-->src\main\AndroidManifest.xml:112:13-115:29
127                <action android:name="android.intent.action.MAIN" />
127-->src\main\AndroidManifest.xml:113:17-69
127-->src\main\AndroidManifest.xml:113:25-66
128
129                <category android:name="android.intent.category.LAUNCHER" />
129-->src\main\AndroidManifest.xml:114:17-77
129-->src\main\AndroidManifest.xml:114:27-74
130            </intent-filter>
131        </activity>
132
133        <!-- VPN Service for Network Interception -->
134        <service
134-->src\main\AndroidManifest.xml:119:9-126:19
135            android:name="com.fortress.hypervisor.HypervisorVpnService"
135-->src\main\AndroidManifest.xml:120:13-49
136            android:exported="true"
136-->src\main\AndroidManifest.xml:122:13-36
137            android:permission="android.permission.BIND_VPN_SERVICE" >
137-->src\main\AndroidManifest.xml:121:13-69
138            <intent-filter>
138-->src\main\AndroidManifest.xml:123:13-125:29
139                <action android:name="android.net.VpnService" />
139-->src\main\AndroidManifest.xml:124:17-65
139-->src\main\AndroidManifest.xml:124:25-62
140            </intent-filter>
141        </service>
142
143        <!-- Accessibility Service for User Interaction Monitoring -->
144        <service
144-->src\main\AndroidManifest.xml:129:9-139:19
145            android:name="com.fortress.hypervisor.HypervisorAccessibilityService"
145-->src\main\AndroidManifest.xml:130:13-59
146            android:exported="false"
146-->src\main\AndroidManifest.xml:132:13-37
147            android:permission="android.permission.BIND_ACCESSIBILITY_SERVICE" >
147-->src\main\AndroidManifest.xml:131:13-79
148            <intent-filter>
148-->src\main\AndroidManifest.xml:133:13-135:29
149                <action android:name="android.accessibilityservice.AccessibilityService" />
149-->src\main\AndroidManifest.xml:134:17-92
149-->src\main\AndroidManifest.xml:134:25-89
150            </intent-filter>
151
152            <meta-data
152-->src\main\AndroidManifest.xml:136:13-138:72
153                android:name="android.accessibilityservice"
153-->src\main\AndroidManifest.xml:137:17-60
154                android:resource="@xml/accessibility_service_config" />
154-->src\main\AndroidManifest.xml:138:17-69
155        </service>
156
157        <!-- Notification Listener Service -->
158        <service
158-->src\main\AndroidManifest.xml:142:9-149:19
159            android:name="com.fortress.hypervisor.HypervisorNotificationListener"
159-->src\main\AndroidManifest.xml:143:13-59
160            android:exported="false"
160-->src\main\AndroidManifest.xml:145:13-37
161            android:permission="android.permission.BIND_NOTIFICATION_LISTENER_SERVICE" >
161-->src\main\AndroidManifest.xml:144:13-87
162            <intent-filter>
162-->src\main\AndroidManifest.xml:146:13-148:29
163                <action android:name="android.service.notification.NotificationListenerService" />
163-->src\main\AndroidManifest.xml:147:17-99
163-->src\main\AndroidManifest.xml:147:25-96
164            </intent-filter>
165        </service>
166
167        <!-- Device Admin Receiver -->
168        <receiver
168-->src\main\AndroidManifest.xml:152:9-162:20
169            android:name="com.fortress.hypervisor.HypervisorDeviceAdmin"
169-->src\main\AndroidManifest.xml:153:13-50
170            android:exported="true"
170-->src\main\AndroidManifest.xml:154:13-36
171            android:permission="android.permission.BIND_DEVICE_ADMIN" >
171-->src\main\AndroidManifest.xml:155:13-70
172            <intent-filter>
172-->src\main\AndroidManifest.xml:156:13-158:29
173                <action android:name="android.app.action.DEVICE_ADMIN_ENABLED" />
173-->src\main\AndroidManifest.xml:157:17-82
173-->src\main\AndroidManifest.xml:157:25-79
174            </intent-filter>
175
176            <meta-data
176-->src\main\AndroidManifest.xml:159:13-161:65
177                android:name="android.app.device_admin"
177-->src\main\AndroidManifest.xml:160:17-56
178                android:resource="@xml/device_admin_policies" />
178-->src\main\AndroidManifest.xml:161:17-62
179        </receiver>
180
181        <provider
181-->[androidx.work:work-runtime:2.8.1] AndroidManifest.xml:29:9-37:20
182            android:name="androidx.startup.InitializationProvider"
182-->[androidx.work:work-runtime:2.8.1] AndroidManifest.xml:30:13-67
183            android:authorities="com.fortress.hypervisor.androidx-startup"
183-->[androidx.work:work-runtime:2.8.1] AndroidManifest.xml:31:13-68
184            android:exported="false" >
184-->[androidx.work:work-runtime:2.8.1] AndroidManifest.xml:32:13-37
185            <meta-data
185-->[androidx.work:work-runtime:2.8.1] AndroidManifest.xml:34:13-36:52
186                android:name="androidx.work.WorkManagerInitializer"
186-->[androidx.work:work-runtime:2.8.1] AndroidManifest.xml:35:17-68
187                android:value="androidx.startup" />
187-->[androidx.work:work-runtime:2.8.1] AndroidManifest.xml:36:17-49
188            <meta-data
188-->[androidx.emoji2:emoji2:1.4.0] AndroidManifest.xml:29:13-31:52
189                android:name="androidx.emoji2.text.EmojiCompatInitializer"
189-->[androidx.emoji2:emoji2:1.4.0] AndroidManifest.xml:30:17-75
190                android:value="androidx.startup" />
190-->[androidx.emoji2:emoji2:1.4.0] AndroidManifest.xml:31:17-49
191            <meta-data
191-->[androidx.lifecycle:lifecycle-process:2.6.1] AndroidManifest.xml:29:13-31:52
192                android:name="androidx.lifecycle.ProcessLifecycleInitializer"
192-->[androidx.lifecycle:lifecycle-process:2.6.1] AndroidManifest.xml:30:17-78
193                android:value="androidx.startup" />
193-->[androidx.lifecycle:lifecycle-process:2.6.1] AndroidManifest.xml:31:17-49
194            <meta-data
194-->[androidx.profileinstaller:profileinstaller:1.3.0] AndroidManifest.xml:29:13-31:52
195                android:name="androidx.profileinstaller.ProfileInstallerInitializer"
195-->[androidx.profileinstaller:profileinstaller:1.3.0] AndroidManifest.xml:30:17-85
196                android:value="androidx.startup" />
196-->[androidx.profileinstaller:profileinstaller:1.3.0] AndroidManifest.xml:31:17-49
197        </provider>
198
199        <service
199-->[androidx.work:work-runtime:2.8.1] AndroidManifest.xml:39:9-45:35
200            android:name="androidx.work.impl.background.systemalarm.SystemAlarmService"
200-->[androidx.work:work-runtime:2.8.1] AndroidManifest.xml:40:13-88
201            android:directBootAware="false"
201-->[androidx.work:work-runtime:2.8.1] AndroidManifest.xml:41:13-44
202            android:enabled="@bool/enable_system_alarm_service_default"
202-->[androidx.work:work-runtime:2.8.1] AndroidManifest.xml:42:13-72
203            android:exported="false" />
203-->[androidx.work:work-runtime:2.8.1] AndroidManifest.xml:43:13-37
204        <service
204-->[androidx.work:work-runtime:2.8.1] AndroidManifest.xml:46:9-52:35
205            android:name="androidx.work.impl.background.systemjob.SystemJobService"
205-->[androidx.work:work-runtime:2.8.1] AndroidManifest.xml:47:13-84
206            android:directBootAware="false"
206-->[androidx.work:work-runtime:2.8.1] AndroidManifest.xml:48:13-44
207            android:enabled="@bool/enable_system_job_service_default"
207-->[androidx.work:work-runtime:2.8.1] AndroidManifest.xml:49:13-70
208            android:exported="true"
208-->[androidx.work:work-runtime:2.8.1] AndroidManifest.xml:50:13-36
209            android:permission="android.permission.BIND_JOB_SERVICE" />
209-->[androidx.work:work-runtime:2.8.1] AndroidManifest.xml:51:13-69
210        <service
210-->[androidx.work:work-runtime:2.8.1] AndroidManifest.xml:53:9-59:35
211            android:name="androidx.work.impl.foreground.SystemForegroundService"
211-->[androidx.work:work-runtime:2.8.1] AndroidManifest.xml:54:13-81
212            android:directBootAware="false"
212-->[androidx.work:work-runtime:2.8.1] AndroidManifest.xml:55:13-44
213            android:enabled="@bool/enable_system_foreground_service_default"
213-->[androidx.work:work-runtime:2.8.1] AndroidManifest.xml:56:13-77
214            android:exported="false" />
214-->[androidx.work:work-runtime:2.8.1] AndroidManifest.xml:57:13-37
215
216        <receiver
216-->[androidx.work:work-runtime:2.8.1] AndroidManifest.xml:61:9-66:35
217            android:name="androidx.work.impl.utils.ForceStopRunnable$BroadcastReceiver"
217-->[androidx.work:work-runtime:2.8.1] AndroidManifest.xml:62:13-88
218            android:directBootAware="false"
218-->[androidx.work:work-runtime:2.8.1] AndroidManifest.xml:63:13-44
219            android:enabled="true"
219-->[androidx.work:work-runtime:2.8.1] AndroidManifest.xml:64:13-35
220            android:exported="false" />
220-->[androidx.work:work-runtime:2.8.1] AndroidManifest.xml:65:13-37
221        <receiver
221-->[androidx.work:work-runtime:2.8.1] AndroidManifest.xml:67:9-77:20
222            android:name="androidx.work.impl.background.systemalarm.ConstraintProxy$BatteryChargingProxy"
222-->[androidx.work:work-runtime:2.8.1] AndroidManifest.xml:68:13-106
223            android:directBootAware="false"
223-->[androidx.work:work-runtime:2.8.1] AndroidManifest.xml:69:13-44
224            android:enabled="false"
224-->[androidx.work:work-runtime:2.8.1] AndroidManifest.xml:70:13-36
225            android:exported="false" >
225-->[androidx.work:work-runtime:2.8.1] AndroidManifest.xml:71:13-37
226            <intent-filter>
226-->[androidx.work:work-runtime:2.8.1] AndroidManifest.xml:73:13-76:29
227                <action android:name="android.intent.action.ACTION_POWER_CONNECTED" />
227-->[androidx.work:work-runtime:2.8.1] AndroidManifest.xml:74:17-87
227-->[androidx.work:work-runtime:2.8.1] AndroidManifest.xml:74:25-84
228                <action android:name="android.intent.action.ACTION_POWER_DISCONNECTED" />
228-->[androidx.work:work-runtime:2.8.1] AndroidManifest.xml:75:17-90
228-->[androidx.work:work-runtime:2.8.1] AndroidManifest.xml:75:25-87
229            </intent-filter>
230        </receiver>
231        <receiver
231-->[androidx.work:work-runtime:2.8.1] AndroidManifest.xml:78:9-88:20
232            android:name="androidx.work.impl.background.systemalarm.ConstraintProxy$BatteryNotLowProxy"
232-->[androidx.work:work-runtime:2.8.1] AndroidManifest.xml:79:13-104
233            android:directBootAware="false"
233-->[androidx.work:work-runtime:2.8.1] AndroidManifest.xml:80:13-44
234            android:enabled="false"
234-->[androidx.work:work-runtime:2.8.1] AndroidManifest.xml:81:13-36
235            android:exported="false" >
235-->[androidx.work:work-runtime:2.8.1] AndroidManifest.xml:82:13-37
236            <intent-filter>
236-->[androidx.work:work-runtime:2.8.1] AndroidManifest.xml:84:13-87:29
237                <action android:name="android.intent.action.BATTERY_OKAY" />
237-->[androidx.work:work-runtime:2.8.1] AndroidManifest.xml:85:17-77
237-->[androidx.work:work-runtime:2.8.1] AndroidManifest.xml:85:25-74
238                <action android:name="android.intent.action.BATTERY_LOW" />
238-->[androidx.work:work-runtime:2.8.1] AndroidManifest.xml:86:17-76
238-->[androidx.work:work-runtime:2.8.1] AndroidManifest.xml:86:25-73
239            </intent-filter>
240        </receiver>
241        <receiver
241-->[androidx.work:work-runtime:2.8.1] AndroidManifest.xml:89:9-99:20
242            android:name="androidx.work.impl.background.systemalarm.ConstraintProxy$StorageNotLowProxy"
242-->[androidx.work:work-runtime:2.8.1] AndroidManifest.xml:90:13-104
243            android:directBootAware="false"
243-->[androidx.work:work-runtime:2.8.1] AndroidManifest.xml:91:13-44
244            android:enabled="false"
244-->[androidx.work:work-runtime:2.8.1] AndroidManifest.xml:92:13-36
245            android:exported="false" >
245-->[androidx.work:work-runtime:2.8.1] AndroidManifest.xml:93:13-37
246            <intent-filter>
246-->[androidx.work:work-runtime:2.8.1] AndroidManifest.xml:95:13-98:29
247                <action android:name="android.intent.action.DEVICE_STORAGE_LOW" />
247-->[androidx.work:work-runtime:2.8.1] AndroidManifest.xml:96:17-83
247-->[androidx.work:work-runtime:2.8.1] AndroidManifest.xml:96:25-80
248                <action android:name="android.intent.action.DEVICE_STORAGE_OK" />
248-->[androidx.work:work-runtime:2.8.1] AndroidManifest.xml:97:17-82
248-->[androidx.work:work-runtime:2.8.1] AndroidManifest.xml:97:25-79
249            </intent-filter>
250        </receiver>
251        <receiver
251-->[androidx.work:work-runtime:2.8.1] AndroidManifest.xml:100:9-109:20
252            android:name="androidx.work.impl.background.systemalarm.ConstraintProxy$NetworkStateProxy"
252-->[androidx.work:work-runtime:2.8.1] AndroidManifest.xml:101:13-103
253            android:directBootAware="false"
253-->[androidx.work:work-runtime:2.8.1] AndroidManifest.xml:102:13-44
254            android:enabled="false"
254-->[androidx.work:work-runtime:2.8.1] AndroidManifest.xml:103:13-36
255            android:exported="false" >
255-->[androidx.work:work-runtime:2.8.1] AndroidManifest.xml:104:13-37
256            <intent-filter>
256-->[androidx.work:work-runtime:2.8.1] AndroidManifest.xml:106:13-108:29
257                <action android:name="android.net.conn.CONNECTIVITY_CHANGE" />
257-->[androidx.work:work-runtime:2.8.1] AndroidManifest.xml:107:17-79
257-->[androidx.work:work-runtime:2.8.1] AndroidManifest.xml:107:25-76
258            </intent-filter>
259        </receiver>
260        <receiver
260-->[androidx.work:work-runtime:2.8.1] AndroidManifest.xml:110:9-121:20
261            android:name="androidx.work.impl.background.systemalarm.RescheduleReceiver"
261-->[androidx.work:work-runtime:2.8.1] AndroidManifest.xml:111:13-88
262            android:directBootAware="false"
262-->[androidx.work:work-runtime:2.8.1] AndroidManifest.xml:112:13-44
263            android:enabled="false"
263-->[androidx.work:work-runtime:2.8.1] AndroidManifest.xml:113:13-36
264            android:exported="false" >
264-->[androidx.work:work-runtime:2.8.1] AndroidManifest.xml:114:13-37
265            <intent-filter>
265-->[androidx.work:work-runtime:2.8.1] AndroidManifest.xml:116:13-120:29
266                <action android:name="android.intent.action.BOOT_COMPLETED" />
266-->[androidx.work:work-runtime:2.8.1] AndroidManifest.xml:117:17-79
266-->[androidx.work:work-runtime:2.8.1] AndroidManifest.xml:117:25-76
267                <action android:name="android.intent.action.TIME_SET" />
267-->[androidx.work:work-runtime:2.8.1] AndroidManifest.xml:118:17-73
267-->[androidx.work:work-runtime:2.8.1] AndroidManifest.xml:118:25-70
268                <action android:name="android.intent.action.TIMEZONE_CHANGED" />
268-->[androidx.work:work-runtime:2.8.1] AndroidManifest.xml:119:17-81
268-->[androidx.work:work-runtime:2.8.1] AndroidManifest.xml:119:25-78
269            </intent-filter>
270        </receiver>
271        <receiver
271-->[androidx.work:work-runtime:2.8.1] AndroidManifest.xml:122:9-131:20
272            android:name="androidx.work.impl.background.systemalarm.ConstraintProxyUpdateReceiver"
272-->[androidx.work:work-runtime:2.8.1] AndroidManifest.xml:123:13-99
273            android:directBootAware="false"
273-->[androidx.work:work-runtime:2.8.1] AndroidManifest.xml:124:13-44
274            android:enabled="@bool/enable_system_alarm_service_default"
274-->[androidx.work:work-runtime:2.8.1] AndroidManifest.xml:125:13-72
275            android:exported="false" >
275-->[androidx.work:work-runtime:2.8.1] AndroidManifest.xml:126:13-37
276            <intent-filter>
276-->[androidx.work:work-runtime:2.8.1] AndroidManifest.xml:128:13-130:29
277                <action android:name="androidx.work.impl.background.systemalarm.UpdateProxies" />
277-->[androidx.work:work-runtime:2.8.1] AndroidManifest.xml:129:17-98
277-->[androidx.work:work-runtime:2.8.1] AndroidManifest.xml:129:25-95
278            </intent-filter>
279        </receiver>
280        <receiver
280-->[androidx.work:work-runtime:2.8.1] AndroidManifest.xml:132:9-142:20
281            android:name="androidx.work.impl.diagnostics.DiagnosticsReceiver"
281-->[androidx.work:work-runtime:2.8.1] AndroidManifest.xml:133:13-78
282            android:directBootAware="false"
282-->[androidx.work:work-runtime:2.8.1] AndroidManifest.xml:134:13-44
283            android:enabled="true"
283-->[androidx.work:work-runtime:2.8.1] AndroidManifest.xml:135:13-35
284            android:exported="true"
284-->[androidx.work:work-runtime:2.8.1] AndroidManifest.xml:136:13-36
285            android:permission="android.permission.DUMP" >
285-->[androidx.work:work-runtime:2.8.1] AndroidManifest.xml:137:13-57
286            <intent-filter>
286-->[androidx.work:work-runtime:2.8.1] AndroidManifest.xml:139:13-141:29
287                <action android:name="androidx.work.diagnostics.REQUEST_DIAGNOSTICS" />
287-->[androidx.work:work-runtime:2.8.1] AndroidManifest.xml:140:17-88
287-->[androidx.work:work-runtime:2.8.1] AndroidManifest.xml:140:25-85
288            </intent-filter>
289        </receiver>
290
291        <service
291-->[androidx.room:room-runtime:2.5.0] AndroidManifest.xml:24:9-28:63
292            android:name="androidx.room.MultiInstanceInvalidationService"
292-->[androidx.room:room-runtime:2.5.0] AndroidManifest.xml:25:13-74
293            android:directBootAware="true"
293-->[androidx.room:room-runtime:2.5.0] AndroidManifest.xml:26:13-43
294            android:exported="false" />
294-->[androidx.room:room-runtime:2.5.0] AndroidManifest.xml:27:13-37
295
296        <receiver
296-->[androidx.profileinstaller:profileinstaller:1.3.0] AndroidManifest.xml:34:9-52:20
297            android:name="androidx.profileinstaller.ProfileInstallReceiver"
297-->[androidx.profileinstaller:profileinstaller:1.3.0] AndroidManifest.xml:35:13-76
298            android:directBootAware="false"
298-->[androidx.profileinstaller:profileinstaller:1.3.0] AndroidManifest.xml:36:13-44
299            android:enabled="true"
299-->[androidx.profileinstaller:profileinstaller:1.3.0] AndroidManifest.xml:37:13-35
300            android:exported="true"
300-->[androidx.profileinstaller:profileinstaller:1.3.0] AndroidManifest.xml:38:13-36
301            android:permission="android.permission.DUMP" >
301-->[androidx.profileinstaller:profileinstaller:1.3.0] AndroidManifest.xml:39:13-57
302            <intent-filter>
302-->[androidx.profileinstaller:profileinstaller:1.3.0] AndroidManifest.xml:40:13-42:29
303                <action android:name="androidx.profileinstaller.action.INSTALL_PROFILE" />
303-->[androidx.profileinstaller:profileinstaller:1.3.0] AndroidManifest.xml:41:17-91
303-->[androidx.profileinstaller:profileinstaller:1.3.0] AndroidManifest.xml:41:25-88
304            </intent-filter>
305            <intent-filter>
305-->[androidx.profileinstaller:profileinstaller:1.3.0] AndroidManifest.xml:43:13-45:29
306                <action android:name="androidx.profileinstaller.action.SKIP_FILE" />
306-->[androidx.profileinstaller:profileinstaller:1.3.0] AndroidManifest.xml:44:17-85
306-->[androidx.profileinstaller:profileinstaller:1.3.0] AndroidManifest.xml:44:25-82
307            </intent-filter>
308            <intent-filter>
308-->[androidx.profileinstaller:profileinstaller:1.3.0] AndroidManifest.xml:46:13-48:29
309                <action android:name="androidx.profileinstaller.action.SAVE_PROFILE" />